[1/10] Performing build step for 'bootloader'
[1/1] cd /home/ronaldo/esp/RTimu_displacement_tracker/esp32c6_rtdt_app/build/bootloader/esp-idf/esptool_py && /home/ronaldo/.espressif/python_env/idf5.4_py3.10_env/bin/python /home/ronaldo/esp/esp-idf/components/partition_table/check_sizes.py --offset 0x8000 bootloader 0x0 /home/ronaldo/esp/RTimu_displacement_tracker/esp32c6_rtdt_app/build/bootloader/bootloader.bin
Bootloader binary size 0x5610 bytes. 0x29f0 bytes (33%) free.
[2/10] No install step for 'bootloader'
[3/10] Completed 'bootloader'
[4/10] Building C object esp-idf/src/CMakeFiles/__idf_src.dir/main.c.obj
[5/10] Building C object esp-idf/src/CMakeFiles/__idf_src.dir/app_tasks.c.obj
FAILED: esp-idf/src/CMakeFiles/__idf_src.dir/app_tasks.c.obj 
/home/ronaldo/.espressif/tools/riscv32-esp-elf/esp-14.2.0_20241119/riscv32-esp-elf/bin/riscv32-esp-elf-gcc -DESP_PLATFORM -DIDF_VER=\"v5.4.2\" -DSOC_MMU_PAGE_SIZE=CONFIG_MMU_PAGE_SIZE -DSOC_XTAL_FREQ_MHZ=CONFIG_XTAL_FREQ -D_GLIBCXX_HAVE_POSIX_SEMAPHORE -D_GLIBCXX_USE_POSIX_SEMAPHORE -D_GNU_SOURCE -D_POSIX_READER_WRITER_LOCKS -I/home/ronaldo/esp/RTimu_displacement_tracker/esp32c6_rtdt_app/build/config -I/home/ronaldo/esp/RTimu_displacement_tracker/esp32c6_rtdt_app/src/include -I/home/ronaldo/esp/esp-idf/components/newlib/platform_include -I/home/ronaldo/esp/esp-idf/components/freertos/config/include -I/home/ronaldo/esp/esp-idf/components/freertos/config/include/freertos -I/home/ronaldo/esp/esp-idf/components/freertos/config/riscv/include -I/home/ronaldo/esp/esp-idf/components/freertos/FreeRTOS-Kernel/include -I/home/ronaldo/esp/esp-idf/components/freertos/FreeRTOS-Kernel/portable/riscv/include -I/home/ronaldo/esp/esp-idf/components/freertos/FreeRTOS-Kernel/portable/riscv/include/freertos -I/home/ronaldo/esp/esp-idf/components/freertos/esp_additions/include -I/home/ronaldo/esp/esp-idf/components/esp_hw_support/include -I/home/ronaldo/esp/esp-idf/components/esp_hw_support/include/soc -I/home/ronaldo/esp/esp-idf/components/esp_hw_support/include/soc/esp32c6 -I/home/ronaldo/esp/esp-idf/components/esp_hw_support/dma/include -I/home/ronaldo/esp/esp-idf/components/esp_hw_support/ldo/include -I/home/ronaldo/esp/esp-idf/components/esp_hw_support/debug_probe/include -I/home/ronaldo/esp/esp-idf/components/esp_hw_support/port/esp32c6/. -I/home/ronaldo/esp/esp-idf/components/esp_hw_support/port/esp32c6/include -I/home/ronaldo/esp/esp-idf/components/esp_hw_support/port/esp32c6/private_include -I/home/ronaldo/esp/esp-idf/components/heap/include -I/home/ronaldo/esp/esp-idf/components/heap/tlsf -I/home/ronaldo/esp/esp-idf/components/log/include -I/home/ronaldo/esp/esp-idf/components/soc/include -I/home/ronaldo/esp/esp-idf/components/soc/esp32c6 -I/home/ronaldo/esp/esp-idf/components/soc/esp32c6/include -I/home/ronaldo/esp/esp-idf/components/soc/esp32c6/register -I/home/ronaldo/esp/esp-idf/components/hal/platform_port/include -I/home/ronaldo/esp/esp-idf/components/hal/esp32c6/include -I/home/ronaldo/esp/esp-idf/components/hal/include -I/home/ronaldo/esp/esp-idf/components/esp_rom/include -I/home/ronaldo/esp/esp-idf/components/esp_rom/esp32c6/include -I/home/ronaldo/esp/esp-idf/components/esp_rom/esp32c6/include/esp32c6 -I/home/ronaldo/esp/esp-idf/components/esp_rom/esp32c6 -I/home/ronaldo/esp/esp-idf/components/esp_common/include -I/home/ronaldo/esp/esp-idf/components/esp_system/include -I/home/ronaldo/esp/esp-idf/components/esp_system/port/soc -I/home/ronaldo/esp/esp-idf/components/esp_system/port/include/riscv -I/home/ronaldo/esp/esp-idf/components/esp_system/port/include/private -I/home/ronaldo/esp/esp-idf/components/riscv/include -I/home/ronaldo/esp/esp-idf/components/lwip/include -I/home/ronaldo/esp/esp-idf/components/lwip/include/apps -I/home/ronaldo/esp/esp-idf/components/lwip/include/apps/sntp -I/home/ronaldo/esp/esp-idf/components/lwip/lwip/src/include -I/home/ronaldo/esp/esp-idf/components/lwip/port/include -I/home/ronaldo/esp/esp-idf/components/lwip/port/freertos/include -I/home/ronaldo/esp/esp-idf/components/lwip/port/esp32xx/include -I/home/ronaldo/esp/esp-idf/components/lwip/port/esp32xx/include/arch -I/home/ronaldo/esp/esp-idf/components/lwip/port/esp32xx/include/sys -I/home/ronaldo/esp/esp-idf/components/driver/deprecated -I/home/ronaldo/esp/esp-idf/components/driver/i2c/include -I/home/ronaldo/esp/esp-idf/components/driver/touch_sensor/include -I/home/ronaldo/esp/esp-idf/components/driver/twai/include -I/home/ronaldo/esp/esp-idf/components/esp_pm/include -I/home/ronaldo/esp/esp-idf/components/esp_ringbuf/include -I/home/ronaldo/esp/esp-idf/components/esp_driver_gpio/include -I/home/ronaldo/esp/esp-idf/components/esp_driver_pcnt/include -I/home/ronaldo/esp/esp-idf/components/esp_driver_gptimer/include -I/home/ronaldo/esp/esp-idf/components/esp_driver_spi/include -I/home/ronaldo/esp/esp-idf/components/esp_driver_mcpwm/include -I/home/ronaldo/esp/esp-idf/components/esp_driver_ana_cmpr/include -I/home/ronaldo/esp/esp-idf/components/esp_driver_i2s/include -I/home/ronaldo/esp/esp-idf/components/esp_driver_sdmmc/include -I/home/ronaldo/esp/esp-idf/components/sdmmc/include -I/home/ronaldo/esp/esp-idf/components/esp_driver_sdspi/include -I/home/ronaldo/esp/esp-idf/components/esp_driver_sdio/include -I/home/ronaldo/esp/esp-idf/components/esp_driver_dac/include -I/home/ronaldo/esp/esp-idf/components/esp_driver_rmt/include -I/home/ronaldo/esp/esp-idf/components/esp_driver_tsens/include -I/home/ronaldo/esp/esp-idf/components/esp_driver_sdm/include -I/home/ronaldo/esp/esp-idf/components/esp_driver_i2c/include -I/home/ronaldo/esp/esp-idf/components/esp_driver_uart/include -I/home/ronaldo/esp/esp-idf/components/vfs/include -I/home/ronaldo/esp/esp-idf/components/esp_driver_ledc/include -I/home/ronaldo/esp/esp-idf/components/esp_driver_parlio/include -I/home/ronaldo/esp/esp-idf/components/esp_driver_usb_serial_jtag/include -I/home/ronaldo/esp/esp-idf/components/esp_timer/include -march=rv32imac_zicsr_zifencei  -fdiagnostics-color=always -ffunction-sections -fdata-sections -Wall -Werror=all -Wno-error=unused-function -Wno-error=unused-variable -Wno-error=unused-but-set-variable -Wno-error=deprecated-declarations -Wextra -Wno-error=extra -Wno-unused-parameter -Wno-sign-compare -Wno-enum-conversion -gdwarf-4 -ggdb -nostartfiles -Og -fno-shrink-wrap -fmacro-prefix-map=/home/ronaldo/esp/RTimu_displacement_tracker/esp32c6_rtdt_app=. -fmacro-prefix-map=/home/ronaldo/esp/esp-idf=/IDF -fstrict-volatile-bitfields -fno-jump-tables -fno-tree-switch-conversion -std=gnu17 -Wno-old-style-declaration -MD -MT esp-idf/src/CMakeFiles/__idf_src.dir/app_tasks.c.obj -MF esp-idf/src/CMakeFiles/__idf_src.dir/app_tasks.c.obj.d -o esp-idf/src/CMakeFiles/__idf_src.dir/app_tasks.c.obj -c /home/ronaldo/esp/RTimu_displacement_tracker/esp32c6_rtdt_app/src/app_tasks.c
/home/ronaldo/esp/RTimu_displacement_tracker/esp32c6_rtdt_app/src/app_tasks.c: In function 'command_listener_task':
/home/ronaldo/esp/RTimu_displacement_tracker/esp32c6_rtdt_app/src/app_tasks.c:167:5: error: unknown type name 'uart_config_t'; did you mean 'task_config_t'?
  167 |     uart_config_t uart_config = {
      |     ^~~~~~~~~~~~~
      |     task_config_t
/home/ronaldo/esp/RTimu_displacement_tracker/esp32c6_rtdt_app/src/app_tasks.c:168:9: error: field name not in record or union initializer
  168 |         .baud_rate = 115200,
      |         ^
/home/ronaldo/esp/RTimu_displacement_tracker/esp32c6_rtdt_app/src/app_tasks.c:168:9: note: (near initialization for 'uart_config')
/home/ronaldo/esp/RTimu_displacement_tracker/esp32c6_rtdt_app/src/app_tasks.c:169:9: error: field name not in record or union initializer
  169 |         .data_bits = UART_DATA_8_BITS,
      |         ^
/home/ronaldo/esp/RTimu_displacement_tracker/esp32c6_rtdt_app/src/app_tasks.c:169:9: note: (near initialization for 'uart_config')
/home/ronaldo/esp/RTimu_displacement_tracker/esp32c6_rtdt_app/src/app_tasks.c:169:22: error: 'UART_DATA_8_BITS' undeclared (first use in this function)
  169 |         .data_bits = UART_DATA_8_BITS,
      |                      ^~~~~~~~~~~~~~~~
/home/ronaldo/esp/RTimu_displacement_tracker/esp32c6_rtdt_app/src/app_tasks.c:169:22: note: each undeclared identifier is reported only once for each function it appears in
/home/ronaldo/esp/RTimu_displacement_tracker/esp32c6_rtdt_app/src/app_tasks.c:169:22: warning: excess elements in scalar initializer
/home/ronaldo/esp/RTimu_displacement_tracker/esp32c6_rtdt_app/src/app_tasks.c:169:22: note: (near initialization for 'uart_config')
/home/ronaldo/esp/RTimu_displacement_tracker/esp32c6_rtdt_app/src/app_tasks.c:170:9: error: field name not in record or union initializer
  170 |         .parity    = UART_PARITY_DISABLE,
      |         ^
/home/ronaldo/esp/RTimu_displacement_tracker/esp32c6_rtdt_app/src/app_tasks.c:170:9: note: (near initialization for 'uart_config')
/home/ronaldo/esp/RTimu_displacement_tracker/esp32c6_rtdt_app/src/app_tasks.c:170:22: error: 'UART_PARITY_DISABLE' undeclared (first use in this function)
  170 |         .parity    = UART_PARITY_DISABLE,
      |                      ^~~~~~~~~~~~~~~~~~~
/home/ronaldo/esp/RTimu_displacement_tracker/esp32c6_rtdt_app/src/app_tasks.c:170:22: warning: excess elements in scalar initializer
/home/ronaldo/esp/RTimu_displacement_tracker/esp32c6_rtdt_app/src/app_tasks.c:170:22: note: (near initialization for 'uart_config')
/home/ronaldo/esp/RTimu_displacement_tracker/esp32c6_rtdt_app/src/app_tasks.c:171:9: error: field name not in record or union initializer
  171 |         .stop_bits = UART_STOP_BITS_1,
      |         ^
/home/ronaldo/esp/RTimu_displacement_tracker/esp32c6_rtdt_app/src/app_tasks.c:171:9: note: (near initialization for 'uart_config')
/home/ronaldo/esp/RTimu_displacement_tracker/esp32c6_rtdt_app/src/app_tasks.c:171:22: error: 'UART_STOP_BITS_1' undeclared (first use in this function)
  171 |         .stop_bits = UART_STOP_BITS_1,
      |                      ^~~~~~~~~~~~~~~~
/home/ronaldo/esp/RTimu_displacement_tracker/esp32c6_rtdt_app/src/app_tasks.c:171:22: warning: excess elements in scalar initializer
/home/ronaldo/esp/RTimu_displacement_tracker/esp32c6_rtdt_app/src/app_tasks.c:171:22: note: (near initialization for 'uart_config')
/home/ronaldo/esp/RTimu_displacement_tracker/esp32c6_rtdt_app/src/app_tasks.c:172:9: error: field name not in record or union initializer
  172 |         .flow_ctrl = UART_HW_FLOWCTRL_DISABLE
      |         ^
/home/ronaldo/esp/RTimu_displacement_tracker/esp32c6_rtdt_app/src/app_tasks.c:172:9: note: (near initialization for 'uart_config')
/home/ronaldo/esp/RTimu_displacement_tracker/esp32c6_rtdt_app/src/app_tasks.c:172:22: error: 'UART_HW_FLOWCTRL_DISABLE' undeclared (first use in this function)
  172 |         .flow_ctrl = UART_HW_FLOWCTRL_DISABLE
      |                      ^~~~~~~~~~~~~~~~~~~~~~~~
/home/ronaldo/esp/RTimu_displacement_tracker/esp32c6_rtdt_app/src/app_tasks.c:172:22: warning: excess elements in scalar initializer
/home/ronaldo/esp/RTimu_displacement_tracker/esp32c6_rtdt_app/src/app_tasks.c:172:22: note: (near initialization for 'uart_config')
/home/ronaldo/esp/RTimu_displacement_tracker/esp32c6_rtdt_app/src/app_tasks.c:175:5: error: implicit declaration of function 'uart_param_config'; did you mean 'i2c_param_config'? [-Wimplicit-function-declaration]
  175 |     uart_param_config(UART_NUM_0, &uart_config);
      |     ^~~~~~~~~~~~~~~~~
      |     i2c_param_config
/home/ronaldo/esp/RTimu_displacement_tracker/esp32c6_rtdt_app/src/app_tasks.c:175:23: error: 'UART_NUM_0' undeclared (first use in this function)
  175 |     uart_param_config(UART_NUM_0, &uart_config);
      |                       ^~~~~~~~~~
/home/ronaldo/esp/RTimu_displacement_tracker/esp32c6_rtdt_app/src/app_tasks.c:176:5: error: implicit declaration of function 'uart_driver_install'; did you mean 'i2c_driver_install'? [-Wimplicit-function-declaration]
  176 |     uart_driver_install(UART_NUM_0, CMD_BUF_SIZE * 2, 0, 0, NULL, 0);
      |     ^~~~~~~~~~~~~~~~~~~
      |     i2c_driver_install
/home/ronaldo/esp/RTimu_displacement_tracker/esp32c6_rtdt_app/src/app_tasks.c:180:15: error: implicit declaration of function 'uart_read_bytes' [-Wimplicit-function-declaration]
  180 |         len = uart_read_bytes(UART_NUM_0, buf, CMD_BUF_SIZE - 1, pdMS_TO_TICKS(1000));
      |               ^~~~~~~~~~~~~~~
In file included from /home/ronaldo/esp/RTimu_displacement_tracker/esp32c6_rtdt_app/src/include/app_tasks.h:9,
                 from /home/ronaldo/esp/RTimu_displacement_tracker/esp32c6_rtdt_app/src/app_tasks.c:1:
/home/ronaldo/esp/RTimu_displacement_tracker/esp32c6_rtdt_app/src/app_tasks.c:186:22: error: 'TAG' undeclared (first use in this function)
  186 |             ESP_LOGI(TAG, "Received: %s", cmd);
      |                      ^~~
/home/ronaldo/esp/esp-idf/components/log/include/esp_log.h:182:81: note: in definition of macro 'ESP_LOG_LEVEL'
  182 |         if (level==ESP_LOG_ERROR )          { esp_log_write(ESP_LOG_ERROR,      tag, LOG_FORMAT(E, format), esp_log_timestamp(), tag, ##__VA_ARGS__); } \
      |                                                                                 ^~~
/home/ronaldo/esp/esp-idf/components/log/include/esp_log.h:114:38: note: in expansion of macro 'ESP_LOG_LEVEL_LOCAL'
  114 | #define ESP_LOGI( tag, format, ... ) ESP_LOG_LEVEL_LOCAL(ESP_LOG_INFO,    tag, format, ##__VA_ARGS__)
      |                                      ^~~~~~~~~~~~~~~~~~~
/home/ronaldo/esp/RTimu_displacement_tracker/esp32c6_rtdt_app/src/app_tasks.c:186:13: note: in expansion of macro 'ESP_LOGI'
  186 |             ESP_LOGI(TAG, "Received: %s", cmd);
      |             ^~~~~~~~
ninja: build stopped: subcommand failed.
